<?xml version="1.0" encoding="UTF-8"?>
<testsuite name="OrderServiceTest" tests="1" skipped="0" failures="0" errors="0" timestamp="2021-09-15T13:51:48" hostname="justin-VirtualBox" time="0.004">
  <properties/>
  <testcase name="testNewOrderService()" classname="OrderServiceTest" time="0.004"/>
  <system-out><![CDATA[Customer: ea618a11-ec1e-4408-9000-ad7b16e5b8ea has ordered 2 products 
]]></system-out>
  <system-err><![CDATA[]]></system-err>
</testsuite>
